Error[108]   D:\BOTIK\ELECTRONIQUE\ROBOT_PROG\2431_STRAT\SRC\INTERRUPT_COD.C 1 : Illegal character (/)
Error[108]   D:\BOTIK\ELECTRONIQUE\ROBOT_PROG\2431_STRAT\SRC\INTERRUPT_COD.C 2 : Illegal character (*)
Error[108]   D:\BOTIK\ELECTRONIQUE\ROBOT_PROG\2431_STRAT\SRC\INTERRUPT_COD.C 3 : Illegal character (*)
Error[108]   D:\BOTIK\ELECTRONIQUE\ROBOT_PROG\2431_STRAT\SRC\INTERRUPT_COD.C 4 : Illegal character (*)
Error[108]   D:\BOTIK\ELECTRONIQUE\ROBOT_PROG\2431_STRAT\SRC\INTERRUPT_COD.C 5 : Illegal character (*)
Error[108]   D:\BOTIK\ELECTRONIQUE\ROBOT_PROG\2431_STRAT\SRC\INTERRUPT_COD.C 6 : Illegal character (*)
Error[108]   D:\BOTIK\ELECTRONIQUE\ROBOT_PROG\2431_STRAT\SRC\INTERRUPT_COD.C 7 : Illegal character (*)
Error[108]   D:\BOTIK\ELECTRONIQUE\ROBOT_PROG\2431_STRAT\SRC\INTERRUPT_COD.C 8 : Illegal character (*)
Error[108]   D:\BOTIK\ELECTRONIQUE\ROBOT_PROG\2431_STRAT\SRC\INTERRUPT_COD.C 9 : Illegal character (*)
Error[108]   D:\BOTIK\ELECTRONIQUE\ROBOT_PROG\2431_STRAT\SRC\INTERRUPT_COD.C 10 : Illegal character (*)
Error[108]   D:\BOTIK\ELECTRONIQUE\ROBOT_PROG\2431_STRAT\SRC\INTERRUPT_COD.C 11 : Illegal character (*)
Error[108]   D:\BOTIK\ELECTRONIQUE\ROBOT_PROG\2431_STRAT\SRC\INTERRUPT_COD.C 12 : Illegal character (*)
Error[108]   D:\BOTIK\ELECTRONIQUE\ROBOT_PROG\2431_STRAT\SRC\INTERRUPT_COD.C 13 : Illegal character (*)
Error[108]   D:\BOTIK\ELECTRONIQUE\ROBOT_PROG\2431_STRAT\SRC\INTERRUPT_COD.C 14 : Illegal character (*)
Error[105]   D:\BOTIK\ELECTRONIQUE\ROBOT_PROG\2431_STRAT\SRC\INTERRUPT_COD.C 16 : Cannot open file (Include File "<pic18f2x1x.h>          // Problème des certains code ne sont pas dans l'entete" not found)
Error[105]   D:\BOTIK\ELECTRONIQUE\ROBOT_PROG\2431_STRAT\SRC\INTERRUPT_COD.C 17 : Cannot open file (Include File "pic18.h" not found)
Error[108]   D:\BOTIK\ELECTRONIQUE\ROBOT_PROG\2431_STRAT\SRC\INTERRUPT_COD.C 19 : Illegal character (/)
Error[105]   D:\BOTIK\ELECTRONIQUE\ROBOT_PROG\2431_STRAT\SRC\INTERRUPT_COD.C 21 : Cannot open file (Include File ""compil_cod.h"          // Directives de compilation" not found)
Error[105]   D:\BOTIK\ELECTRONIQUE\ROBOT_PROG\2431_STRAT\SRC\INTERRUPT_COD.C 22 : Cannot open file (Include File ""define_cod.h"          // Tous les defines pour main_cod" not found)
Error[105]   D:\BOTIK\ELECTRONIQUE\ROBOT_PROG\2431_STRAT\SRC\INTERRUPT_COD.C 24 : Cannot open file (Include File ""v_glob_cod.h"          // Variables globales utilisées par main_cod" not found)
Error[105]   D:\BOTIK\ELECTRONIQUE\ROBOT_PROG\2431_STRAT\SRC\INTERRUPT_COD.C 26 : Cannot open file (Include File ""interrupt_cod.h"               // Prototypes des fonctions utilisées par main_cod" not found)
Error[105]   D:\BOTIK\ELECTRONIQUE\ROBOT_PROG\2431_STRAT\SRC\INTERRUPT_COD.C 27 : Cannot open file (Include File ""reglages_carte.h"              // proto de reglages_carte" not found)
Error[108]   D:\BOTIK\ELECTRONIQUE\ROBOT_PROG\2431_STRAT\SRC\INTERRUPT_COD.C 32 : Illegal character (/)
Error[108]   D:\BOTIK\ELECTRONIQUE\ROBOT_PROG\2431_STRAT\SRC\INTERRUPT_COD.C 33 : Illegal character (/)
Error[108]   D:\BOTIK\ELECTRONIQUE\ROBOT_PROG\2431_STRAT\SRC\INTERRUPT_COD.C 34 : Illegal character (/)
Error[122]   D:\BOTIK\ELECTRONIQUE\ROBOT_PROG\2431_STRAT\SRC\INTERRUPT_COD.C 35 : Illegal opcode (ADC_Handler)
Error[108]   D:\BOTIK\ELECTRONIQUE\ROBOT_PROG\2431_STRAT\SRC\INTERRUPT_COD.C 36 : Illegal character ({)
Error[108]   D:\BOTIK\ELECTRONIQUE\ROBOT_PROG\2431_STRAT\SRC\INTERRUPT_COD.C 38 : Illegal character (})
Error[108]   D:\BOTIK\ELECTRONIQUE\ROBOT_PROG\2431_STRAT\SRC\INTERRUPT_COD.C 42 : Illegal character (/)
Error[108]   D:\BOTIK\ELECTRONIQUE\ROBOT_PROG\2431_STRAT\SRC\INTERRUPT_COD.C 43 : Illegal character (/)
Error[108]   D:\BOTIK\ELECTRONIQUE\ROBOT_PROG\2431_STRAT\SRC\INTERRUPT_COD.C 44 : Illegal character (/)
Error[122]   D:\BOTIK\ELECTRONIQUE\ROBOT_PROG\2431_STRAT\SRC\INTERRUPT_COD.C 45 : Illegal opcode (SSP_Handler)
Error[108]   D:\BOTIK\ELECTRONIQUE\ROBOT_PROG\2431_STRAT\SRC\INTERRUPT_COD.C 46 : Illegal character ({)
Warning[207] D:\BOTIK\ELECTRONIQUE\ROBOT_PROG\2431_STRAT\SRC\INTERRUPT_COD.C 47 : Found label after column 1. (unsigned)
Error[122]   D:\BOTIK\ELECTRONIQUE\ROBOT_PROG\2431_STRAT\SRC\INTERRUPT_COD.C 47 : Illegal opcode (char)
Error[108]   D:\BOTIK\ELECTRONIQUE\ROBOT_PROG\2431_STRAT\SRC\INTERRUPT_COD.C 48 : Illegal character (/)
Error[108]   D:\BOTIK\ELECTRONIQUE\ROBOT_PROG\2431_STRAT\SRC\INTERRUPT_COD.C 49 : Illegal character (/)
Error[108]   D:\BOTIK\ELECTRONIQUE\ROBOT_PROG\2431_STRAT\SRC\INTERRUPT_COD.C 50 : Illegal character (/)
Error[108]   D:\BOTIK\ELECTRONIQUE\ROBOT_PROG\2431_STRAT\SRC\INTERRUPT_COD.C 51 : Illegal character (/)
Error[108]   D:\BOTIK\ELECTRONIQUE\ROBOT_PROG\2431_STRAT\SRC\INTERRUPT_COD.C 52 : Illegal character (/)
Error[108]   D:\BOTIK\ELECTRONIQUE\ROBOT_PROG\2431_STRAT\SRC\INTERRUPT_COD.C 53 : Illegal character (/)
Error[108]   D:\BOTIK\ELECTRONIQUE\ROBOT_PROG\2431_STRAT\SRC\INTERRUPT_COD.C 54 : Illegal character (/)
Error[108]   D:\BOTIK\ELECTRONIQUE\ROBOT_PROG\2431_STRAT\SRC\INTERRUPT_COD.C 55 : Illegal character (/)
Error[108]   D:\BOTIK\ELECTRONIQUE\ROBOT_PROG\2431_STRAT\SRC\INTERRUPT_COD.C 57 : Illegal character (/)
Error[108]   D:\BOTIK\ELECTRONIQUE\ROBOT_PROG\2431_STRAT\SRC\INTERRUPT_COD.C 58 : Illegal character (/)
Error[108]   D:\BOTIK\ELECTRONIQUE\ROBOT_PROG\2431_STRAT\SRC\INTERRUPT_COD.C 59 : Illegal character (/)
Error[113]   D:\BOTIK\ELECTRONIQUE\ROBOT_PROG\2431_STRAT\SRC\INTERRUPT_COD.C 60 : Symbol not previously defined (DA)
Error[113]   D:\BOTIK\ELECTRONIQUE\ROBOT_PROG\2431_STRAT\SRC\INTERRUPT_COD.C 60 : Symbol not previously defined (RW)
Error[113]   D:\BOTIK\ELECTRONIQUE\ROBOT_PROG\2431_STRAT\SRC\INTERRUPT_COD.C 60 : Symbol not previously defined (BF)
Error[113]   D:\BOTIK\ELECTRONIQUE\ROBOT_PROG\2431_STRAT\SRC\INTERRUPT_COD.C 60 : Symbol not previously defined (S)
Error[142]   D:\BOTIK\ELECTRONIQUE\ROBOT_PROG\2431_STRAT\SRC\INTERRUPT_COD.C 454 : IFs nested too deep
Error[142]   D:\BOTIK\ELECTRONIQUE\ROBOT_PROG\2431_STRAT\SRC\INTERRUPT_COD.C 465 : IFs nested too deep
