

HI-TECH Software PICC-18 Macro Assembler V8.35PL3
Serial number: HCPIC18-33902                           Fri May 14 07:16:28 2010

Licensed to: HOME VER
     1                           	processor	18F2431
     2                           	opt	pw 80
     3                           	psect	__Z33902RS_,global,delta=1
     4                           	psect	text,global,reloc=2,class=CODE,delta=1
     5                           	psect	intsave_regs,global,class=BIGRAM,space=1,
      +                          delta=1
     6  000000                     
     7  000000                     
     8  000000                     
     9  000000                     
    10  000000                     
    11  000000                     
    12  000000                     
    13  000000                     
    14  000000                     
    15  000000                     
    16  000000                     
    17  000000                     
    18  000000                     
    19  000000                     
    20  000000                     
    21  000000                     
    22  000000                     
    23  000000                     
    24  000000                     
    25  000000                     
    26  000000                     
    27  000000                     
    28  000000                     
    29  000000                     
    30  000000                     
    31  000000                     
    32  000000                     
    33  000000                     
    34  000000                     
    35  000000                     
    36  000000                     
    37  000000                     
    38  000000                     
    39  000000                     
    40  000000                     
    41  000000                     
    42  000000                     
    43  000000                     
    44  000000                     
    45  000000                     
    46  000000                     
    47  000000                     
    48  000000                     
    49  000000                     
    50  000000                     
    51  000000                     
    52  000000                     
    53  000000                     
    54  000000                     
    55  000000                     
    56  000000                     
    57  000000                     
    58  000000                     
    59  000000                     
    60  000000                     
    61  000000                     
    62  000000                     
    63  000000                     
    64  000000                     
    65  000000                     
    66  000000                     
    67  000000                     
    68  000000                     
    69  000000                     
    70  000000                     
    71  000000                     
    72  000000                     
    73  000000                     
    74  000000                     
    75  000000                     
    76  000000                     
    77  000000                     
    78  000000                     
    79  000000                     
    80  000000                     
    81  000000                     
    82  000000                     
    83  000000                     
    84  000000                     
    85  000000                     
    86  000000                     
    87  000000                     
    88  000000                     
    89  000000                     
    90  000000                     
    91  000000                     
    92  000000                     
    93  000000                     
    94  000000                     
    95                           
    96                           	psect	__Z33902RS_
    97  000004                     
    98  000004                     
    99                           
   100                           	psect	text
   101  000010                     _GestionToucheUART1:
   102  000000                     
   103                           ;reglages_carte.c: 43: unsigned char touche;
   104  000010  50AE               	movf	4014,w,c	;volatile
   105  000012  6ED9               	movwf	fsr2l,c
   106                           ;reglages_carte.c: 187: }
   107  000014  0012               	return	
   108                           fsr2l	equ	0xFD9


HI-TECH Software PICC-18 Macro Assembler V8.35PL3
Symbol Table                                           Fri May 14 07:16:28 2010

                fsr2l 000FD9               __Lparam 0083  
  _GestionToucheUART1 0010               __ramtop 0300  
