La génération a démarré 10/06/2016 20:27:12.
     1>Projet "C:\Users\KaosTheory\Desktop\Carte-Strategie\Serialus\Serialus\Serialus.vcxproj" sur le nœud 2 (build cible(s)).
     1>InitializeBuildStatus:
         Création de "Debug\Serialus.unsuccessfulbuild", car "AlwaysCreate" a été spécifié.
       ClCompile:
         C:\Program Files (x86)\Microsoft Visual Studio 10.0\VC\bin\CL.exe /c /ZI /nologo /W3 /WX- /Od /Oy- /D _MBCS /Gm /EHsc /RTC1 /MDd /GS /fp:precise /Zc:wchar_t /Zc:forScope /Fo"Debug\\" /Fd"Debug\vc100.pdb" /Gd /TP /analyze- /errorReport:prompt main.cpp
         main.cpp
       Link:
         C:\Program Files (x86)\Microsoft Visual Studio 10.0\VC\bin\link.exe /ERRORREPORT:PROMPT /OUT:"C:\Users\KaosTheory\Desktop\Carte-Strategie\Serialus\Serialus\Debug\Serialus.exe" /NOLOGO kernel32.lib user32.lib gdi32.lib winspool.lib comdlg32.lib advapi32.lib shell32.lib ole32.lib oleaut32.lib uuid.lib odbc32.lib odbccp32.lib /MANIFEST /ManifestFile:"Debug\Serialus.exe.intermediate.manifest" /MANIFESTUAC:"level='asInvoker' uiAccess='false'" /DEBUG /PDB:"C:\Users\KaosTheory\Desktop\Carte-Strategie\Serialus\Serialus\Debug\Serialus.pdb" /TLBID:1 /DYNAMICBASE /NXCOMPAT /IMPLIB:"C:\Users\KaosTheory\Desktop\Carte-Strategie\Serialus\Serialus\Debug\Serialus.lib" /MACHINE:X86 Debug\main.obj
         Debug\Serial.obj
         Debug\Serialus.obj
         LINK : C:\Users\KaosTheory\Desktop\Carte-Strategie\Serialus\Serialus\Debug\Serialus.exe introuvable ou non généré par la dernière édition de liens incrémentielle ; édition de liens complète en cours
         Serialus.vcxproj -> C:\Users\KaosTheory\Desktop\Carte-Strategie\Serialus\Serialus\Debug\Serialus.exe
       Manifest:
         C:\Program Files (x86)\Microsoft SDKs\Windows\v7.0A\bin\mt.exe /nologo /verbose /outputresource:"C:\Users\KaosTheory\Desktop\Carte-Strategie\Serialus\Serialus\Debug\Serialus.exe;#1" /manifest Debug\Serialus.exe.intermediate.manifest
       FinalizeBuildStatus:
         Suppression du fichier "Debug\Serialus.unsuccessfulbuild".
         Mise à jour de l'horodatage "Debug\Serialus.lastbuildstate".
     1>Génération du projet "C:\Users\KaosTheory\Desktop\Carte-Strategie\Serialus\Serialus\Serialus.vcxproj" terminée (build cible(s)).

La génération a réussi.

Temps écoulé 00:00:00.58
